<?xml version="1.0" encoding="UTF-8"?>
<!-- Generated by org.testng.reporters.JUnitReportReporter -->
<testsuite skipped="0" hostname="Mohammads-Air.fios-router.home" name="gov.nasa.test_home.HomePageTest" tests="1" failures="0" timestamp="2022-08-15T22:53:19 EDT" time="18.025" errors="0">
  <testcase name="getName" time="18.025" classname="gov.nasa.test_home.HomePageTest"/>
  <system-out/>
</testsuite> <!-- gov.nasa.test_home.HomePageTest -->
